<?xml version="1.0" encoding="UTF-8"?>
<!-- Generated by org.testng.reporters.JUnitReportReporter -->
<testsuite name="com.sathish.testing.sample.Hello" tests="1" time="9.812" ignored="0" failures="0" timestamp="12 Oct 2017 19:15:42 GMT" skipped="0" hostname="PC0GNC7H-T460" errors="0">
  <testcase name="testApp" time="9.812" classname="com.sathish.testing.sample.Hello"/>
</testsuite> <!-- com.sathish.testing.sample.Hello -->
